2017-09-26 16:40:33,862 [-2038831296/-2038831296] DEBUG - [SIE]Set log level = 0 (/home/p4/Core/SIE/Int/SIE-1.0-INT/SIE/src/tmsie/tmsie_option_helper.cpp:64)
2017-09-26 16:40:33,862 [-2038831296/-2038831296]  INFO - [SIE][Env] TMSIE Logger Already Inited. (/home/p4/Core/SIE/Int/SIE-1.0-INT/SIE/src/tmsie/tmsie_enviroment.cpp:134)
2017-09-26 16:40:33,862 [-2038831296/-2038831296] DEBUG - [SIE][Env] Pattern Path is Not NULL, Use User's Pattern Path (/home/p4/Core/SIE/Int/SIE-1.0-INT/SIE/src/tmsie/tmsie_enviroment.cpp:49)
2017-09-26 16:40:33,862 [-2038831296/-2038831296]  INFO - [SIE][Env] CallerModule = [ddwi] (/home/p4/Core/SIE/Int/SIE-1.0-INT/SIE/src/tmsie/tmsie_enviroment.cpp:58)
2017-09-26 16:40:33,862 [-2038831296/-2038831296]  INFO - [SIE][Env], PatternPath=[/home/GT/automation/auto/md_auto_tools/src/tm_pysie/build/html/tmsie.ptn], IsDebugMode=[0] (/home/p4/Core/SIE/Int/SIE-1.0-INT/SIE/src/tmsie/tmsie_enviroment.cpp:65)
2017-09-26 16:40:33,984 [-2038831296/-2038831296] DEBUG - [SIE][Pattern] Parsing Pattern Name=[pattern\profiles\ddi.profile] (/home/p4/Core/SIE/Int/SIE-1.0-INT/SIE/src/tmsie/pattern_manager/tmsie_pattern_unpacker.cpp:83)
2017-09-26 16:40:33,984 [-2038831296/-2038831296] DEBUG - [SIE][Pattern] Parsing Pattern Name=[pattern\profiles\ddwi.profile] (/home/p4/Core/SIE/Int/SIE-1.0-INT/SIE/src/tmsie/pattern_manager/tmsie_pattern_unpacker.cpp:83)
2017-09-26 16:40:33,984 [-2038831296/-2038831296] DEBUG - [SIE][Pattern] Parsing Pattern Name=[pattern\profiles\default.profile] (/home/p4/Core/SIE/Int/SIE-1.0-INT/SIE/src/tmsie/pattern_manager/tmsie_pattern_unpacker.cpp:83)
2017-09-26 16:40:33,984 [-2038831296/-2038831296] DEBUG - [SIE][Pattern] Parsing Pattern Name=[pattern\tmsie.cfg] (/home/p4/Core/SIE/Int/SIE-1.0-INT/SIE/src/tmsie/pattern_manager/tmsie_pattern_unpacker.cpp:83)
2017-09-26 16:40:33,984 [-2038831296/-2038831296] DEBUG - [SIE][Pattern] Parsing Pattern Name=[pattern\yara\sie.yar] (/home/p4/Core/SIE/Int/SIE-1.0-INT/SIE/src/tmsie/pattern_manager/tmsie_pattern_unpacker.cpp:83)
2017-09-26 16:40:33,984 [-2038831296/-2038831296] DEBUG - [SIE][Pattern] Parsing Pattern Name=[pattern\heu\xgb.model] (/home/p4/Core/SIE/Int/SIE-1.0-INT/SIE/src/tmsie/pattern_manager/tmsie_pattern_unpacker.cpp:83)
2017-09-26 16:40:33,984 [-2038831296/-2038831296] DEBUG - [SIE][Pattern] Parsing Pattern Name=[pattern\heu\svm.cfg] (/home/p4/Core/SIE/Int/SIE-1.0-INT/SIE/src/tmsie/pattern_manager/tmsie_pattern_unpacker.cpp:83)
2017-09-26 16:40:33,984 [-2038831296/-2038831296] DEBUG - [SIE][Pattern] Parsing Pattern Name=[pattern\heu\sie.model] (/home/p4/Core/SIE/Int/SIE-1.0-INT/SIE/src/tmsie/pattern_manager/tmsie_pattern_unpacker.cpp:83)
2017-09-26 16:40:33,984 [-2038831296/-2038831296] DEBUG - [SIE][Pattern] Parsing Pattern Name=[pattern\heu\feature\feature.cfg] (/home/p4/Core/SIE/Int/SIE-1.0-INT/SIE/src/tmsie/pattern_manager/tmsie_pattern_unpacker.cpp:83)
2017-09-26 16:40:33,984 [-2038831296/-2038831296] DEBUG - [SIE][Pattern] Parsing Pattern Name=[pattern\heu\feature\html.yar1] (/home/p4/Core/SIE/Int/SIE-1.0-INT/SIE/src/tmsie/pattern_manager/tmsie_pattern_unpacker.cpp:83)
2017-09-26 16:40:33,984 [-2038831296/-2038831296] DEBUG - [SIE][Pattern] Parsing Pattern Name=[pattern\heu\feature\vbscript.yar] (/home/p4/Core/SIE/Int/SIE-1.0-INT/SIE/src/tmsie/pattern_manager/tmsie_pattern_unpacker.cpp:83)
2017-09-26 16:40:33,984 [-2038831296/-2038831296] DEBUG - [SIE][Pattern] Parsing Pattern Name=[pattern\heu\feature\javascript.yar] (/home/p4/Core/SIE/Int/SIE-1.0-INT/SIE/src/tmsie/pattern_manager/tmsie_pattern_unpacker.cpp:83)
2017-09-26 16:40:33,985 [-2038831296/-2038831296] DEBUG - [SIE][Pattern] Parsing Pattern Name=[pattern\heu\feature\html.yar] (/home/p4/Core/SIE/Int/SIE-1.0-INT/SIE/src/tmsie/pattern_manager/tmsie_pattern_unpacker.cpp:83)
2017-09-26 16:40:33,985 [-2038831296/-2038831296] DEBUG - [SIE][Pattern] Parsing Pattern Name=[pattern\rank_db\c.db] (/home/p4/Core/SIE/Int/SIE-1.0-INT/SIE/src/tmsie/pattern_manager/tmsie_pattern_unpacker.cpp:83)
2017-09-26 16:40:33,985 [-2038831296/-2038831296] DEBUG - [SIE][Pattern] Parsing Pattern Name=[pattern\rank_db\d.db] (/home/p4/Core/SIE/Int/SIE-1.0-INT/SIE/src/tmsie/pattern_manager/tmsie_pattern_unpacker.cpp:83)
2017-09-26 16:40:33,985 [-2038831296/-2038831296] DEBUG - [SIE][Pattern] Parsing Pattern Name=[pattern\rank_db\a.db] (/home/p4/Core/SIE/Int/SIE-1.0-INT/SIE/src/tmsie/pattern_manager/tmsie_pattern_unpacker.cpp:83)
2017-09-26 16:40:33,985 [-2038831296/-2038831296] DEBUG - [SIE][Pattern] Parsing Pattern Name=[pattern\rank_db\b.db] (/home/p4/Core/SIE/Int/SIE-1.0-INT/SIE/src/tmsie/pattern_manager/tmsie_pattern_unpacker.cpp:83)
2017-09-26 16:40:33,985 [-2038831296/-2038831296] DEBUG - [SIE][Config] KEY=[tmsie.config.version], Value=[1.0.1001 (/home/p4/Core/SIE/Int/SIE-1.0-INT/SIE/src/tmsie/pattern_manager/tmsie_config_manager.cpp:85)
2017-09-26 16:40:33,985 [-2038831296/-2038831296] DEBUG - [SIE][Config] KEY=[tmsie.config.pattern_file], Value=[tmsie.ptn (/home/p4/Core/SIE/Int/SIE-1.0-INT/SIE/src/tmsie/pattern_manager/tmsie_config_manager.cpp:85)
2017-09-26 16:40:33,985 [-2038831296/-2038831296] DEBUG - [SIE][Config] KEY=[tmsie.config.pattern_debug], Value=[0 (/home/p4/Core/SIE/Int/SIE-1.0-INT/SIE/src/tmsie/pattern_manager/tmsie_config_manager.cpp:85)
2017-09-26 16:40:33,985 [-2038831296/-2038831296] DEBUG - [SIE][Config] KEY=[tmsie.config.log_level], Value=[off (/home/p4/Core/SIE/Int/SIE-1.0-INT/SIE/src/tmsie/pattern_manager/tmsie_config_manager.cpp:85)
2017-09-26 16:40:33,985 [-2038831296/-2038831296] DEBUG - [SIE][Config] KEY=[tmsie.filter.min_size], Value=[10 (/home/p4/Core/SIE/Int/SIE-1.0-INT/SIE/src/tmsie/pattern_manager/tmsie_config_manager.cpp:85)
2017-09-26 16:40:33,985 [-2038831296/-2038831296] DEBUG - [SIE][Config] KEY=[tmsie.filter.max_size], Value=[3145728 (/home/p4/Core/SIE/Int/SIE-1.0-INT/SIE/src/tmsie/pattern_manager/tmsie_config_manager.cpp:85)
2017-09-26 16:40:33,985 [-2038831296/-2038831296] DEBUG - [SIE][Config] KEY=[tmsie.cache.enable], Value=[0 (/home/p4/Core/SIE/Int/SIE-1.0-INT/SIE/src/tmsie/pattern_manager/tmsie_config_manager.cpp:85)
2017-09-26 16:40:33,985 [-2038831296/-2038831296] DEBUG - [SIE][Config] KEY=[tmsie.cache.count], Value=[10000 (/home/p4/Core/SIE/Int/SIE-1.0-INT/SIE/src/tmsie/pattern_manager/tmsie_config_manager.cpp:85)
2017-09-26 16:40:33,985 [-2038831296/-2038831296] DEBUG - [SIE][Config] KEY=[tmsie.cache.lifetime], Value=[3600 (/home/p4/Core/SIE/Int/SIE-1.0-INT/SIE/src/tmsie/pattern_manager/tmsie_config_manager.cpp:85)
2017-09-26 16:40:33,985 [-2038831296/-2038831296] DEBUG - [SIE][Config] KEY=[tmsie.yara_engine.enable], Value=[0 (/home/p4/Core/SIE/Int/SIE-1.0-INT/SIE/src/tmsie/pattern_manager/tmsie_config_manager.cpp:85)
2017-09-26 16:40:33,986 [-2038831296/-2038831296] DEBUG - [SIE][Config] KEY=[tmsie.yara_engine.pattern_prefix], Value=[pattern/yara (/home/p4/Core/SIE/Int/SIE-1.0-INT/SIE/src/tmsie/pattern_manager/tmsie_config_manager.cpp:85)
2017-09-26 16:40:33,986 [-2038831296/-2038831296] DEBUG - [SIE][Config] KEY=[tmsie.yara_engine.pattern_rule], Value=[sie.yar (/home/p4/Core/SIE/Int/SIE-1.0-INT/SIE/src/tmsie/pattern_manager/tmsie_config_manager.cpp:85)
2017-09-26 16:40:33,986 [-2038831296/-2038831296] DEBUG - [SIE][Config] KEY=[tmsie.yara_engine.confidence_level], Value=[medium (/home/p4/Core/SIE/Int/SIE-1.0-INT/SIE/src/tmsie/pattern_manager/tmsie_config_manager.cpp:85)
2017-09-26 16:40:33,986 [-2038831296/-2038831296] DEBUG - [SIE][Config] KEY=[tmsie.heu_engine.enable], Value=[1 (/home/p4/Core/SIE/Int/SIE-1.0-INT/SIE/src/tmsie/pattern_manager/tmsie_config_manager.cpp:85)
2017-09-26 16:40:33,986 [-2038831296/-2038831296] DEBUG - [SIE][Config] KEY=[tmsie.heu_engine.pattern_prefix], Value=[pattern/heu (/home/p4/Core/SIE/Int/SIE-1.0-INT/SIE/src/tmsie/pattern_manager/tmsie_config_manager.cpp:85)
2017-09-26 16:40:33,986 [-2038831296/-2038831296] DEBUG - [SIE][Config] KEY=[tmsie.heu_engine.pattern_cfg], Value=[svm.cfg (/home/p4/Core/SIE/Int/SIE-1.0-INT/SIE/src/tmsie/pattern_manager/tmsie_config_manager.cpp:85)
2017-09-26 16:40:33,986 [-2038831296/-2038831296] DEBUG - [SIE][Config] KEY=[tmsie.heu_engine.model_type], Value=[3 (/home/p4/Core/SIE/Int/SIE-1.0-INT/SIE/src/tmsie/pattern_manager/tmsie_config_manager.cpp:85)
2017-09-26 16:40:33,986 [-2038831296/-2038831296] DEBUG - [SIE][Config] KEY=[tmsie.heu_engine.pattern_model], Value=[xgb.model (/home/p4/Core/SIE/Int/SIE-1.0-INT/SIE/src/tmsie/pattern_manager/tmsie_config_manager.cpp:85)
2017-09-26 16:40:33,986 [-2038831296/-2038831296] DEBUG - [SIE][Config] KEY=[tmsie.heu_engine.is_output_score], Value=[0 (/home/p4/Core/SIE/Int/SIE-1.0-INT/SIE/src/tmsie/pattern_manager/tmsie_config_manager.cpp:85)
2017-09-26 16:40:33,986 [-2038831296/-2038831296] DEBUG - [SIE][Config] KEY=[tmsie.heu_engine.feature_pattern_prefix], Value=[pattern/heu/feature (/home/p4/Core/SIE/Int/SIE-1.0-INT/SIE/src/tmsie/pattern_manager/tmsie_config_manager.cpp:85)
2017-09-26 16:40:33,986 [-2038831296/-2038831296] DEBUG - [SIE][Config] KEY=[tmsie.heu_engine.feature_cfg], Value=[feature.cfg (/home/p4/Core/SIE/Int/SIE-1.0-INT/SIE/src/tmsie/pattern_manager/tmsie_config_manager.cpp:85)
2017-09-26 16:40:33,986 [-2038831296/-2038831296] DEBUG - [SIE][Config] KEY=[tmsie.heu_engine.js_feature_rule], Value=[javascript.yar (/home/p4/Core/SIE/Int/SIE-1.0-INT/SIE/src/tmsie/pattern_manager/tmsie_config_manager.cpp:85)
2017-09-26 16:40:33,986 [-2038831296/-2038831296] DEBUG - [SIE][Config] KEY=[tmsie.heu_engine.vbs_feature_rule], Value=[vbscript.yar (/home/p4/Core/SIE/Int/SIE-1.0-INT/SIE/src/tmsie/pattern_manager/tmsie_config_manager.cpp:85)
2017-09-26 16:40:33,986 [-2038831296/-2038831296] DEBUG - [SIE][Config] KEY=[tmsie.heu_engine.html_feature_rule], Value=[html.yar (/home/p4/Core/SIE/Int/SIE-1.0-INT/SIE/src/tmsie/pattern_manager/tmsie_config_manager.cpp:85)
2017-09-26 16:40:33,986 [-2038831296/-2038831296] DEBUG - [SIE][Config] KEY=[tmsie.alexa_rank.enable], Value=[1 (/home/p4/Core/SIE/Int/SIE-1.0-INT/SIE/src/tmsie/pattern_manager/tmsie_config_manager.cpp:85)
2017-09-26 16:40:33,986 [-2038831296/-2038831296] DEBUG - [SIE][Config] KEY=[tmsie.alexa_rank.pattern_prefix], Value=[pattern/rank_db (/home/p4/Core/SIE/Int/SIE-1.0-INT/SIE/src/tmsie/pattern_manager/tmsie_config_manager.cpp:85)
2017-09-26 16:40:33,986 [-2038831296/-2038831296] DEBUG - [SIE][Config] KEY=[tmsie.alexa_rank.Top100], Value=[a.db (/home/p4/Core/SIE/Int/SIE-1.0-INT/SIE/src/tmsie/pattern_manager/tmsie_config_manager.cpp:85)
2017-09-26 16:40:33,986 [-2038831296/-2038831296] DEBUG - [SIE][Config] KEY=[tmsie.alexa_rank.Top1k], Value=[b.db (/home/p4/Core/SIE/Int/SIE-1.0-INT/SIE/src/tmsie/pattern_manager/tmsie_config_manager.cpp:85)
2017-09-26 16:40:33,986 [-2038831296/-2038831296] DEBUG - [SIE][Config] KEY=[tmsie.alexa_rank.Top10k], Value=[c.db (/home/p4/Core/SIE/Int/SIE-1.0-INT/SIE/src/tmsie/pattern_manager/tmsie_config_manager.cpp:85)
2017-09-26 16:40:33,986 [-2038831296/-2038831296] DEBUG - [SIE][Config] KEY=[tmsie.alexa_rank.Top100k], Value=[d.db (/home/p4/Core/SIE/Int/SIE-1.0-INT/SIE/src/tmsie/pattern_manager/tmsie_config_manager.cpp:85)
2017-09-26 16:40:33,986 [-2038831296/-2038831296] DEBUG - [SIE][Config] KEY=[tmsie.feedback.enable], Value=[1 (/home/p4/Core/SIE/Int/SIE-1.0-INT/SIE/src/tmsie/pattern_manager/tmsie_config_manager.cpp:85)
2017-09-26 16:40:33,986 [-2038831296/-2038831296] DEBUG - [SIE][Config] KEY=[tmsie.feedback.max_blob_size], Value=[51200 (/home/p4/Core/SIE/Int/SIE-1.0-INT/SIE/src/tmsie/pattern_manager/tmsie_config_manager.cpp:85)
2017-09-26 16:40:33,986 [-2038831296/-2038831296] DEBUG - [SIE][Config] KEY=[tmsie.feedback.dump_feedback_to_local], Value=[0 (/home/p4/Core/SIE/Int/SIE-1.0-INT/SIE/src/tmsie/pattern_manager/tmsie_config_manager.cpp:85)
2017-09-26 16:40:33,986 [-2038831296/-2038831296] DEBUG - [SIE][Config] KEY=[tmsie.urlchain.enable], Value=[1 (/home/p4/Core/SIE/Int/SIE-1.0-INT/SIE/src/tmsie/pattern_manager/tmsie_config_manager.cpp:85)
2017-09-26 16:40:33,986 [-2038831296/-2038831296] DEBUG - [SIE][Config] KEY=[tmsie.urlchain.is_debug], Value=[0 (/home/p4/Core/SIE/Int/SIE-1.0-INT/SIE/src/tmsie/pattern_manager/tmsie_config_manager.cpp:85)
2017-09-26 16:40:33,987 [-2038831296/-2038831296] DEBUG - [SIE][Config] KEY=[tmsie.urlchain.max_reference_url], Value=[5 (/home/p4/Core/SIE/Int/SIE-1.0-INT/SIE/src/tmsie/pattern_manager/tmsie_config_manager.cpp:85)
2017-09-26 16:40:33,987 [-2038831296/-2038831296] DEBUG - [SIE][Config] KEY=[tmsie.urlchain.validity_period], Value=[10 (/home/p4/Core/SIE/Int/SIE-1.0-INT/SIE/src/tmsie/pattern_manager/tmsie_config_manager.cpp:85)
2017-09-26 16:40:33,987 [-2038831296/-2038831296] DEBUG - [SIE][Config] KEY=[tmsie.urlchain.depth_degree], Value=[3 (/home/p4/Core/SIE/Int/SIE-1.0-INT/SIE/src/tmsie/pattern_manager/tmsie_config_manager.cpp:85)
2017-09-26 16:40:33,987 [-2038831296/-2038831296] DEBUG - [SIE][Config] KEY=[tmsie.urlchain.db_path], Value=[./ (/home/p4/Core/SIE/Int/SIE-1.0-INT/SIE/src/tmsie/pattern_manager/tmsie_config_manager.cpp:85)
2017-09-26 16:40:33,987 [-2038831296/-2038831296]  INFO - [SIE][Env] Pattern Ready. (/home/p4/Core/SIE/Int/SIE-1.0-INT/SIE/src/tmsie/tmsie_enviroment.cpp:76)
2017-09-26 16:40:33,987 [-2038831296/-2038831296]  INFO - [SIE][Env] TMSIE Config Ready. (/home/p4/Core/SIE/Int/SIE-1.0-INT/SIE/src/tmsie/tmsie_enviroment.cpp:81)
2017-09-26 16:40:33,987 [-2038831296/-2038831296] TRACE - [SIE][BWList] Add to Local White List, URL=[http://www.whitelisttest.com/*] (/home/p4/Core/SIE/Int/SIE-1.0-INT/SIE/src/tmsie/white_list/bw_list_manager.cpp:196)
2017-09-26 16:40:33,987 [-2038831296/-2038831296] TRACE - [SIE][BWList] Add to Local Black List, URL=[http://www.blacklisttest.com/] (/home/p4/Core/SIE/Int/SIE-1.0-INT/SIE/src/tmsie/white_list/bw_list_manager.cpp:210)
2017-09-26 16:40:33,987 [-2038831296/-2038831296]  INFO - [SIE][AlexaDB] Get DB Name=[a.db], Length=[408] (/home/p4/Core/SIE/Int/SIE-1.0-INT/SIE/src/tmsie/pattern_manager/tmsie_config_helper.cpp:141)
2017-09-26 16:40:33,987 [-2038831296/-2038831296]  INFO - [SIE][AlexaDB]Load AlexaDB succ (/home/p4/Core/SIE/Int/SIE-1.0-INT/SIE/src/tmsie/pattern_manager/tmsie_config_helper.cpp:146)
2017-09-26 16:40:33,987 [-2038831296/-2038831296]  INFO - [SIE][AlexaDB] Get DB Name=[b.db], Length=[4008] (/home/p4/Core/SIE/Int/SIE-1.0-INT/SIE/src/tmsie/pattern_manager/tmsie_config_helper.cpp:141)
2017-09-26 16:40:33,987 [-2038831296/-2038831296]  INFO - [SIE][AlexaDB]Load AlexaDB succ (/home/p4/Core/SIE/Int/SIE-1.0-INT/SIE/src/tmsie/pattern_manager/tmsie_config_helper.cpp:146)
2017-09-26 16:40:33,987 [-2038831296/-2038831296]  INFO - [SIE][AlexaDB] Get DB Name=[c.db], Length=[40008] (/home/p4/Core/SIE/Int/SIE-1.0-INT/SIE/src/tmsie/pattern_manager/tmsie_config_helper.cpp:141)
2017-09-26 16:40:33,987 [-2038831296/-2038831296]  INFO - [SIE][AlexaDB]Load AlexaDB succ (/home/p4/Core/SIE/Int/SIE-1.0-INT/SIE/src/tmsie/pattern_manager/tmsie_config_helper.cpp:146)
2017-09-26 16:40:33,988 [-2038831296/-2038831296]  INFO - [SIE][AlexaDB] Get DB Name=[d.db], Length=[312669] (/home/p4/Core/SIE/Int/SIE-1.0-INT/SIE/src/tmsie/pattern_manager/tmsie_config_helper.cpp:141)
2017-09-26 16:40:33,988 [-2038831296/-2038831296]  INFO - [SIE][AlexaDB]Load AlexaDB succ (/home/p4/Core/SIE/Int/SIE-1.0-INT/SIE/src/tmsie/pattern_manager/tmsie_config_helper.cpp:146)
2017-09-26 16:40:33,989 [-2038831296/-2038831296]  INFO - [SIE][CoreEngine][Init] get AlexDB data succ (/home/p4/Core/SIE/Int/SIE-1.0-INT/SIE/src/tmsie/tmsie_enviroment.cpp:94)
2017-09-26 16:40:33,989 [-2038831296/-2038831296] TRACE - [SIE]Log level has been set (/home/p4/Core/SIE/Int/SIE-1.0-INT/SIE/src/tmsie/tmsie_enviroment.cpp:104)
2017-09-26 16:40:33,989 [-2038831296/-2038831296] TRACE - [SIE]Set SIE log level to 0 (/home/p4/Core/SIE/Int/SIE-1.0-INT/SIE/src/tmsie/tmsie_enviroment.cpp:107)
2017-09-26 16:40:33,989 [-2038831296/-2038831296]  INFO - [SIE][Scanner] Initialize (/home/p4/Core/SIE/Int/SIE-1.0-INT/SIE/src/tmsie/tmsie_scanner.cpp:24)
2017-09-26 16:40:33,989 [-2038831296/-2038831296] DEBUG - [SIE][CoreEngine] InitializeCoreEngine (/home/p4/Core/SIE/Int/SIE-1.0-INT/SIE/src/tmsie/tmsie_core_engine.cpp:31)
2017-09-26 16:40:33,990 [-2038831296/-2038831296] DEBUG - [SIE][CoreEngine] Load DLL Success, DLL Name=[libtmsiecore.so] (/home/p4/Core/SIE/Int/SIE-1.0-INT/SIE/src/tmsie/tmsie_core_engine.cpp:38)
2017-09-26 16:40:33,991 [-2038831296/-2038831296] DEBUG - [SIE][CoreEngine] logger_manager value=[0x1e4c590] (/home/p4/Core/SIE/Int/SIE-1.0-INT/SIE/src/tmsie/tmsie_core_engine.cpp:52)
2017-09-26 16:40:33,991 [-2038831296/-2038831296]  INFO - [SIE][Core] Success Set Logger Point, Value=[0x1e4c590] (/home/p4/Core/SIE/Int/SIE-1.0-INT/SIE/src/tmsiecore/tmsiecore.cpp:174)
2017-09-26 16:40:34,037 [-2038831296/-2038831296] DEBUG - [SIE][CoreEngine] YaraEnable=[0], HeuEnable=[1] (/home/p4/Core/SIE/Int/SIE-1.0-INT/SIE/src/tmsie/tmsie_core_engine.cpp:65)
2017-09-26 16:40:34,037 [-2038831296/-2038831296] TRACE - [SIE]TMSIECORE_Initialize (/home/p4/Core/SIE/Int/SIE-1.0-INT/SIE/src/tmsiecore/tmsiecore.cpp:36)
2017-09-26 16:40:34,851 [-2038831296/-2038831296]  INFO - [SIE][XGBoostPredicter] success to load xgboost model! (/home/p4/Core/SIE/Int/SIE-1.0-INT/SIE/src/tmsiecore/heu_analyzer/xgboost/xgboost_predict.cpp:37)
2017-09-26 16:40:34,851 [-2038831296/-2038831296] TRACE - [SIE][TMSIECORE]init heu analyzer xgboost success (/home/p4/Core/SIE/Int/SIE-1.0-INT/SIE/src/tmsiecore/tmsiecore.cpp:108)
2017-09-26 16:40:34,851 [-2038831296/-2038831296]  INFO - [SIE][Scanner] Core Engine Init Succ (/home/p4/Core/SIE/Int/SIE-1.0-INT/SIE/src/tmsie/tmsie_scanner.cpp:42)
2017-09-26 16:40:34,851 [-2038831296/-2038831296]  INFO - [SIE][Scanner] Initialize Succ (/home/p4/Core/SIE/Int/SIE-1.0-INT/SIE/src/tmsie/tmsie_scanner.cpp:60)
2017-09-26 16:40:34,851 [-2038831296/-2038831296]  INFO - [SIE][Env] Scanner Init Succ (/home/p4/Core/SIE/Int/SIE-1.0-INT/SIE/src/tmsie/tmsie_enviroment.cpp:120)
2017-09-26 16:40:34,851 [-2038831296/-2038831296]  INFO - [SIE][Env] Environement Init Succ (/home/p4/Core/SIE/Int/SIE-1.0-INT/SIE/src/tmsie/tmsie_enviroment.cpp:121)
2017-09-26 16:40:34,851 [-2038831296/-2038831296]  INFO - [SIE][TMSIE_Initialize] init success (/home/p4/Core/SIE/Int/SIE-1.0-INT/SIE/src/tmsie/tmsie.cpp:29)
2017-09-26 16:40:34,851 [-2038831296/-2038831296] DEBUG - [SIE][TMSIE_GetOption] Get log path, length=[288] (/home/p4/Core/SIE/Int/SIE-1.0-INT/SIE/src/tmsie/tmsie.cpp:104)
2017-09-26 16:40:34,852 [-2038831296/-2038831296] DEBUG - [SIE][TMSIE_AddContent] [1] ContentType=[Request_Client_IP], ContentLength=[9] (/home/p4/Core/SIE/Int/SIE-1.0-INT/SIE/src/tmsie/tmsie.cpp:220)
2017-09-26 16:40:34,852 [-2038831296/-2038831296] DEBUG - [SIE][TMSIE_AddContent] [1] ContentType=[Request_Server_IP], ContentLength=[9] (/home/p4/Core/SIE/Int/SIE-1.0-INT/SIE/src/tmsie/tmsie.cpp:220)
2017-09-26 16:40:34,852 [-2038831296/-2038831296] DEBUG - [SIE][TMSIE_AddContent] [1] ContentType=[Request_URL], ContentLength=[34] (/home/p4/Core/SIE/Int/SIE-1.0-INT/SIE/src/tmsie/tmsie.cpp:220)
2017-09-26 16:40:34,853 [-2038831296/-2038831296] DEBUG - [SIE][TMSIE_AddContent] [1] ContentType=[Request_Header], ContentLength=[199] (/home/p4/Core/SIE/Int/SIE-1.0-INT/SIE/src/tmsie/tmsie.cpp:220)
2017-09-26 16:40:34,853 [-2038831296/-2038831296] DEBUG - [SIE][TMSIE_AddContent] [1] ContentType=[Request_Body], ContentLength=[0] (/home/p4/Core/SIE/Int/SIE-1.0-INT/SIE/src/tmsie/tmsie.cpp:220)
2017-09-26 16:40:34,853 [-2038831296/-2038831296] DEBUG - [SIE][TMSIE_AddContent] [1] ContentType=[Response_Header], ContentLength=[37] (/home/p4/Core/SIE/Int/SIE-1.0-INT/SIE/src/tmsie/tmsie.cpp:220)
2017-09-26 16:40:34,853 [-2038831296/-2038831296] DEBUG - [SIE][TMSIE_AddContent] [1] ContentType=[Response_Body], ContentLength=[41747] (/home/p4/Core/SIE/Int/SIE-1.0-INT/SIE/src/tmsie/tmsie.cpp:220)
2017-09-26 16:40:34,853 [-2038831296/-2038831296] DEBUG - [SIE][ScanContext][1] collect all response body, total body length=[41747] (/home/p4/Core/SIE/Int/SIE-1.0-INT/SIE/src/tmsie/tmsie_scan_context.cpp:181)
2017-09-26 16:40:34,854 [-2038831296/-2038831296] DEBUG - [SIE][ScanContext][1] FileType=[1] Encoding= [UTF-8] (/home/p4/Core/SIE/Int/SIE-1.0-INT/SIE/src/tmsie/tmsie_scan_context.cpp:197)
2017-09-26 16:40:34,854 [-2038831296/-2038831296] DEBUG - [SIE][ScanContext][1] create scan content, total content length=[41747] (/home/p4/Core/SIE/Int/SIE-1.0-INT/SIE/src/tmsie/tmsie_scan_context.cpp:223)
2017-09-26 16:40:34,854 [-2038831296/-2038831296] TRACE - [SIE][WhiteList] check if url in white_black list url=[http://www.abcd1234sa.com.cn/index] (/home/p4/Core/SIE/Int/SIE-1.0-INT/SIE/src/tmsie/white_list/bw_list_manager.cpp:176)
2017-09-26 16:40:34,854 [-2038831296/-2038831296] DEBUG - [SIE][CoreEngine] Start DoScan, id=[1] (/home/p4/Core/SIE/Int/SIE-1.0-INT/SIE/src/tmsie/tmsie_core_engine.cpp:95)
2017-09-26 16:40:34,854 [-2038831296/-2038831296] DEBUG - [SIE][CoreEngine] scan_data_len=[41747] (/home/p4/Core/SIE/Int/SIE-1.0-INT/SIE/src/tmsie/tmsie_core_engine.cpp:101)
2017-09-26 16:40:34,855 [-2038831296/-2038831296] DEBUG - [SIE]Matched Rule: index = 1 , keyword = document, rule =keywords_frequency_1, begin_index = 1, keyword id =$s (/home/p4/Core/SIE/Int/SIE-1.0-INT/SIE/src/tmsiecore/heu_analyzer/YaraFeatureExtractor.cpp:178)
2017-09-26 16:40:34,855 [-2038831296/-2038831296] DEBUG - [SIE]Matched Rule: index = 17 , keyword = length, rule =keywords_frequency_17, begin_index = 17, keyword id =$s (/home/p4/Core/SIE/Int/SIE-1.0-INT/SIE/src/tmsiecore/heu_analyzer/YaraFeatureExtractor.cpp:178)
2017-09-26 16:40:34,855 [-2038831296/-2038831296] DEBUG - [SIE]Matched Rule: index = 38 , keyword = getelementsbytagname, rule =keywords_frequency_38, begin_index = 38, keyword id =$s (/home/p4/Core/SIE/Int/SIE-1.0-INT/SIE/src/tmsiecore/heu_analyzer/YaraFeatureExtractor.cpp:178)
2017-09-26 16:40:34,855 [-2038831296/-2038831296] DEBUG - [SIE]Matched Rule: index = 100 , keyword = substr, rule =keywords_frequency_100, begin_index = 100, keyword id =$s (/home/p4/Core/SIE/Int/SIE-1.0-INT/SIE/src/tmsiecore/heu_analyzer/YaraFeatureExtractor.cpp:178)
2017-09-26 16:40:34,855 [-2038831296/-2038831296] DEBUG - [SIE]Matched Rule: index = 144 , keyword = innerhtml, rule =keywords_frequency_144, begin_index = 144, keyword id =$s (/home/p4/Core/SIE/Int/SIE-1.0-INT/SIE/src/tmsiecore/heu_analyzer/YaraFeatureExtractor.cpp:178)
2017-09-26 16:40:34,855 [-2038831296/-2038831296] DEBUG - [SIE]Matched Rule: index = 157 , keyword = with, rule =keywords_frequency_157, begin_index = 157, keyword id =$s (/home/p4/Core/SIE/Int/SIE-1.0-INT/SIE/src/tmsiecore/heu_analyzer/YaraFeatureExtractor.cpp:178)
2017-09-26 16:40:34,855 [-2038831296/-2038831296] DEBUG - [SIE]Matched Rule: index = 187 , keyword = appendchild, rule =keywords_frequency_187, begin_index = 187, keyword id =$s (/home/p4/Core/SIE/Int/SIE-1.0-INT/SIE/src/tmsiecore/heu_analyzer/YaraFeatureExtractor.cpp:178)
2017-09-26 16:40:34,855 [-2038831296/-2038831296] DEBUG - [SIE]Matched Rule: index = 316 , keyword = eval, rule =keywords_frequency_316, begin_index = 316, keyword id =$s (/home/p4/Core/SIE/Int/SIE-1.0-INT/SIE/src/tmsiecore/heu_analyzer/YaraFeatureExtractor.cpp:178)
2017-09-26 16:40:34,855 [-2038831296/-2038831296] DEBUG - [SIE]Matched Rule: index = 489 , keyword = concat, rule =keywords_frequency_489, begin_index = 489, keyword id =$s (/home/p4/Core/SIE/Int/SIE-1.0-INT/SIE/src/tmsiecore/heu_analyzer/YaraFeatureExtractor.cpp:178)
2017-09-26 16:40:34,855 [-2038831296/-2038831296] DEBUG - [SIE]Matched Rule: index = 939 , keyword = removechild, rule =keywords_frequency_939, begin_index = 939, keyword id =$s (/home/p4/Core/SIE/Int/SIE-1.0-INT/SIE/src/tmsiecore/heu_analyzer/YaraFeatureExtractor.cpp:178)
2017-09-26 16:40:34,855 [-2038831296/-2038831296] DEBUG - [SIE]Matched Rule: index = 998 , keyword = childnodes, rule =keywords_frequency_998, begin_index = 998, keyword id =$s (/home/p4/Core/SIE/Int/SIE-1.0-INT/SIE/src/tmsiecore/heu_analyzer/YaraFeatureExtractor.cpp:178)
2017-09-26 16:40:34,855 [-2038831296/-2038831296] DEBUG - [SIE]Matched Rule: index = 1116 , keyword = nodevalue, rule =keywords_frequency_1116, begin_index = 1116, keyword id =$s (/home/p4/Core/SIE/Int/SIE-1.0-INT/SIE/src/tmsiecore/heu_analyzer/YaraFeatureExtractor.cpp:178)
2017-09-26 16:40:34,855 [-2038831296/-2038831296] DEBUG - [SIE]Matched Rule: index = 1231 , keyword = createtextnode, rule =keywords_frequency_1231, begin_index = 1231, keyword id =$s (/home/p4/Core/SIE/Int/SIE-1.0-INT/SIE/src/tmsiecore/heu_analyzer/YaraFeatureExtractor.cpp:178)
2017-09-26 16:40:34,855 [-2038831296/-2038831296] DEBUG - [SIE]Matched Rule: index = 2080 , keyword = previoussibling, rule =keywords_frequency_2080, begin_index = 2080, keyword id =$s (/home/p4/Core/SIE/Int/SIE-1.0-INT/SIE/src/tmsiecore/heu_analyzer/YaraFeatureExtractor.cpp:178)
2017-09-26 16:40:34,855 [-2038831296/-2038831296] DEBUG - [SIE]Matched Rule: index = 2111 , keyword = createte, rule =keywords_frequency_2111, begin_index = 2111, keyword id =$s (/home/p4/Core/SIE/Int/SIE-1.0-INT/SIE/src/tmsiecore/heu_analyzer/YaraFeatureExtractor.cpp:178)
2017-09-26 16:40:34,855 [-2038831296/-2038831296] DEBUG - [SIE]Matched Rule: index = 2267 , keyword = lastchild, rule =keywords_frequency_2267, begin_index = 2267, keyword id =$s (/home/p4/Core/SIE/Int/SIE-1.0-INT/SIE/src/tmsiecore/heu_analyzer/YaraFeatureExtractor.cpp:178)
2017-09-26 16:40:34,855 [-2038831296/-2038831296] DEBUG - [SIE]Matched Rule: index = 2310 , keyword = referenceerror, rule =keywords_frequency_2310, begin_index = 2310, keyword id =$s (/home/p4/Core/SIE/Int/SIE-1.0-INT/SIE/src/tmsiecore/heu_analyzer/YaraFeatureExtractor.cpp:178)
2017-09-26 16:40:34,855 [-2038831296/-2038831296] DEBUG - [SIE]Matched Rule: index = 2861 , keyword = xtnode, rule =keywords_frequency_2861, begin_index = 2861, keyword id =$s (/home/p4/Core/SIE/Int/SIE-1.0-INT/SIE/src/tmsiecore/heu_analyzer/YaraFeatureExtractor.cpp:178)
2017-09-26 16:40:34,856 [-2038831296/-2038831296] DEBUG - [SIE]Matched Rule: index = 4 , keyword = html, rule =keyword_frequency_4, begin_index = 4, keyword id =$s (/home/p4/Core/SIE/Int/SIE-1.0-INT/SIE/src/tmsiecore/heu_analyzer/YaraFeatureExtractor.cpp:178)
2017-09-26 16:40:34,856 [-2038831296/-2038831296] DEBUG - [SIE]Matched Rule: index = 6 , keyword = style, rule =keyword_frequency_6, begin_index = 6, keyword id =$s (/home/p4/Core/SIE/Int/SIE-1.0-INT/SIE/src/tmsiecore/heu_analyzer/YaraFeatureExtractor.cpp:178)
2017-09-26 16:40:34,856 [-2038831296/-2038831296] DEBUG - [SIE]Matched Rule: index = 16 , keyword = script, rule =keyword_frequency_16, begin_index = 16, keyword id =$s (/home/p4/Core/SIE/Int/SIE-1.0-INT/SIE/src/tmsiecore/heu_analyzer/YaraFeatureExtractor.cpp:178)
2017-09-26 16:40:34,856 [-2038831296/-2038831296] DEBUG - [SIE]Matched Rule: index = 36 , keyword = document, rule =keyword_frequency_36, begin_index = 36, keyword id =$s (/home/p4/Core/SIE/Int/SIE-1.0-INT/SIE/src/tmsiecore/heu_analyzer/YaraFeatureExtractor.cpp:178)
2017-09-26 16:40:34,856 [-2038831296/-2038831296] DEBUG - [SIE]Matched Rule: index = 53 , keyword = body, rule =keyword_frequency_53, begin_index = 53, keyword id =$s (/home/p4/Core/SIE/Int/SIE-1.0-INT/SIE/src/tmsiecore/heu_analyzer/YaraFeatureExtractor.cpp:178)
2017-09-26 16:40:34,856 [-2038831296/-2038831296] DEBUG - [SIE]Matched Rule: index = 60 , keyword = length, rule =keyword_frequency_60, begin_index = 60, keyword id =$s (/home/p4/Core/SIE/Int/SIE-1.0-INT/SIE/src/tmsiecore/heu_analyzer/YaraFeatureExtractor.cpp:178)
2017-09-26 16:40:34,856 [-2038831296/-2038831296] DEBUG - [SIE]Matched Rule: index = 63 , keyword = hidden, rule =keyword_frequency_63, begin_index = 63, keyword id =$s (/home/p4/Core/SIE/Int/SIE-1.0-INT/SIE/src/tmsiecore/heu_analyzer/YaraFeatureExtractor.cpp:178)
2017-09-26 16:40:34,856 [-2038831296/-2038831296] DEBUG - [SIE]Matched Rule: index = 68 , keyword = with, rule =keyword_frequency_68, begin_index = 68, keyword id =$s (/home/p4/Core/SIE/Int/SIE-1.0-INT/SIE/src/tmsiecore/heu_analyzer/YaraFeatureExtractor.cpp:178)
2017-09-26 16:40:34,856 [-2038831296/-2038831296] DEBUG - [SIE]Matched Rule: index = 226 , keyword = substr, rule =keyword_frequency_226, begin_index = 226, keyword id =$s (/home/p4/Core/SIE/Int/SIE-1.0-INT/SIE/src/tmsiecore/heu_analyzer/YaraFeatureExtractor.cpp:178)
2017-09-26 16:40:34,856 [-2038831296/-2038831296] DEBUG - [SIE]Matched Rule: index = 275 , keyword = getelementsbytagname, rule =keyword_frequency_275, begin_index = 275, keyword id =$s (/home/p4/Core/SIE/Int/SIE-1.0-INT/SIE/src/tmsiecore/heu_analyzer/YaraFeatureExtractor.cpp:178)
2017-09-26 16:40:34,857 [-2038831296/-2038831296] DEBUG - [SIE]Matched Rule: index = 434 , keyword = innerhtml, rule =keyword_frequency_434, begin_index = 434, keyword id =$s (/home/p4/Core/SIE/Int/SIE-1.0-INT/SIE/src/tmsiecore/heu_analyzer/YaraFeatureExtractor.cpp:178)
2017-09-26 16:40:34,857 [-2038831296/-2038831296] DEBUG - [SIE]Matched Rule: index = 476 , keyword = visibility, rule =keyword_frequency_476, begin_index = 476, keyword id =$s (/home/p4/Core/SIE/Int/SIE-1.0-INT/SIE/src/tmsiecore/heu_analyzer/YaraFeatureExtractor.cpp:178)
2017-09-26 16:40:34,857 [-2038831296/-2038831296] DEBUG - [SIE]Matched Rule: index = 559 , keyword = appendchild, rule =keyword_frequency_559, begin_index = 559, keyword id =$s (/home/p4/Core/SIE/Int/SIE-1.0-INT/SIE/src/tmsiecore/heu_analyzer/YaraFeatureExtractor.cpp:178)
2017-09-26 16:40:34,857 [-2038831296/-2038831296] DEBUG - [SIE]Matched Rule: index = 905 , keyword = eval, rule =keyword_frequency_905, begin_index = 905, keyword id =$s (/home/p4/Core/SIE/Int/SIE-1.0-INT/SIE/src/tmsiecore/heu_analyzer/YaraFeatureExtractor.cpp:178)
2017-09-26 16:40:34,857 [-2038831296/-2038831296] DEBUG - [SIE]Matched Rule: index = 908 , keyword = concat, rule =keyword_frequency_908, begin_index = 908, keyword id =$s (/home/p4/Core/SIE/Int/SIE-1.0-INT/SIE/src/tmsiecore/heu_analyzer/YaraFeatureExtractor.cpp:178)
2017-09-26 16:40:34,857 [-2038831296/-2038831296] DEBUG - [SIE]Matched Rule: index = 1159 , keyword = childnodes, rule =keyword_frequency_1159, begin_index = 1159, keyword id =$s (/home/p4/Core/SIE/Int/SIE-1.0-INT/SIE/src/tmsiecore/heu_analyzer/YaraFeatureExtractor.cpp:178)
2017-09-26 16:40:34,857 [-2038831296/-2038831296] DEBUG - [SIE]Matched Rule: index = 1381 , keyword = removechild, rule =keyword_frequency_1381, begin_index = 1381, keyword id =$s (/home/p4/Core/SIE/Int/SIE-1.0-INT/SIE/src/tmsiecore/heu_analyzer/YaraFeatureExtractor.cpp:178)
2017-09-26 16:40:34,857 [-2038831296/-2038831296] DEBUG - [SIE]Matched Rule: index = 1713 , keyword = nodevalue, rule =keyword_frequency_1713, begin_index = 1713, keyword id =$s (/home/p4/Core/SIE/Int/SIE-1.0-INT/SIE/src/tmsiecore/heu_analyzer/YaraFeatureExtractor.cpp:178)
2017-09-26 16:40:34,857 [-2038831296/-2038831296] DEBUG - [SIE]TMSIECORE_Heu_Scan, Hit Features Desc=[14:0.06250000 31:0.00021671 91:0.00063613 169:0.69721442 170:0.50123620 171:0.36063951 172:0.74435472 173:0.89104992 174:0.66210645 175:0.61018628 176:0.93604749 177:1.00000000 178:0.34151968 251:0.05000000 1001:1.00000000 1017:1.00000000 1038:1.00000000 1100:1.00000000 1116:1.00000000 1144:1.00000000 1157:1.00000000 1187:1.00000000 1231:1.00000000 1316:1.00000000 1489:1.00000000 1502:0.07380000 1609:1.00000000 1610:0.31506848 1613:0.31506848 1632:0.08219178 1633:0.01369863 1634:0.45205480 1636:0.01369863 1638:0.01369863 1639:0.01369863 1640:0.27397260 1641:0.27397260 1642:0.04109589 1643:0.09589041 1644:0.05479452 1645:0.02739726 1646:0.21917808 1647:0.01369863 1648:0.06849315 1649:0.10958904 1650:0.08219178 1651:0.04109589 1652:0.01369863 1653:0.01369863 1654:0.01369863 1655:0.01369863 1656:0.01369863 1657:0.01369863 1658:0.01369863 1659:0.28767124 1660:0.02739726 1661:0.23287672 1662:0.01369863 1663:0.01369863 1664:0.01369863 1665:0.01369863 1666:0.04109589 1667:0.08219178 1668:0.01369863 1669:0.05479452 1670:0.01369863 1671:0.01369863 1672:0.02739726 1673:0.01369863 1674:0.01369863 1675:0.01369863 1676:0.02739726 1677:0.02739726 1678:0.08219178 1679:0.01369863 1680:0.01369863 1681:0.01369863 1682:0.02739726 1683:0.02739726 1684:0.09589041 1685:0.01369863 1686:0.04109589 1687:0.01369863 1688:0.01369863 1691:0.10958904 1692:0.04109589 1693:0.10958904 1694:0.01369863 1695:0.01369863 1697:0.27397260 1698:0.06849315 1699:0.19178082 1700:0.30136988 1701:0.87671232 1702:0.04109589 1703:0.09589041 1704:0.12328767 1705:0.26027396 1706:0.01369863 1707:0.02739726 1708:0.38356164 1709:0.15068494 1710:0.26027396 1711:0.21917808 1712:0.10958904 1713:0.20547946 1714:0.23287672 1715:0.21917808 1716:0.30136988 1717:0.16438356 1718:0.09589041 1719:0.08219178 1720:0.04109589 1721:0.04109589 1722:0.01369863 1723:0.04109589 1724:0.01369863 1725:0.04109589 1726:0.01369863 1939:1.00000000 1998:1.00000000 2080:1.00000000 2111:1.00000000 2267:1.00000000 2310:1.00000000 2861:1.00000000 3004:0.06250000 3006:0.03125000 3016:0.06250000 3036:0.15625000 3053:0.06250000 3060:0.03125000 3063:0.03125000 3068:0.03125000 3226:0.09375000 3275:0.06250000 3434:0.03125000 3476:0.03125000 3559:0.09375000 3905:0.06250000 3908:0.03125000 4159:0.03125000 4381:0.03125000 4713:0.06250000 ] (/home/p4/Core/SIE/Int/SIE-1.0-INT/SIE/src/tmsiecore/tmsiecore.cpp:162)
2017-09-26 16:40:34,857 [-2038831296/-2038831296] DEBUG - [SIE][CoreEngine][HeuScan] Score=[0.0998612] (/home/p4/Core/SIE/Int/SIE-1.0-INT/SIE/src/tmsie/tmsie_core_engine.cpp:144)
2017-09-26 16:40:34,857 [-2038831296/-2038831296] DEBUG - [SIE][CoreEngine][HeuScan] FeatureValues=[14:0.06250000 31:0.00021671 91:0.00063613 169:0.69721442 170:0.50123620 171:0.36063951 172:0.74435472 173:0.89104992 174:0.66210645 175:0.61018628 176:0.93604749 177:1.00000000 178:0.34151968 251:0.05000000 1001:1.00000000 1017:1.00000000 1038:1.00000000 1100:1.00000000 1116:1.00000000 1144:1.00000000 1157:1.00000000 1187:1.00000000 1231:1.00000000 1316:1.00000000 1489:1.00000000 1502:0.07380000 1609:1.00000000 1610:0.31506848 1613:0.31506848 1632:0.08219178 1633:0.01369863 1634:0.45205480 1636:0.01369863 1638:0.01369863 1639:0.01369863 1640:0.27397260 1641:0.27397260 1642:0.04109589 1643:0.09589041 1644:0.05479452 1645:0.02739726 1646:0.21917808 1647:0.01369863 1648:0.06849315 1649:0.10958904 1650:0.08219178 1651:0.04109589 1652:0.01369863 1653:0.01369863 1654:0.01369863 1655:0.01369863 1656:0.01369863 1657:0.01369863 1658:0.01369863 1659:0.28767124 1660:0.02739726 1661:0.23287672 1662:0.01369863 1663:0.01369863 1664:0.01369863 1665:0.01369863 1666:0.04109589 1667:0.08219178 1668:0.01369863 1669:0.05479452 1670:0.01369863 1671:0.01369863 1672:0.02739726 1673:0.01369863 1674:0.01369863 1675:0.01369863 1676:0.02739726 1677:0.02739726 1678:0.08219178 1679:0.01369863 1680:0.01369863 1681:0.01369863 1682:0.02739726 1683:0.02739726 1684:0.09589041 1685:0.01369863 1686:0.04109589 1687:0.01369863 1688:0.01369863 1691:0.10958904 1692:0.04109589 1693:0.10958904 1694:0.01369863 1695:0.01369863 1697:0.27397260 1698:0.06849315 1699:0.19178082 1700:0.30136988 1701:0.87671232 1702:0.04109589 1703:0.09589041 1704:0.12328767 1705:0.26027396 1706:0.01369863 1707:0.02739726 1708:0.38356164 1709:0.15068494 1710:0.26027396 1711:0.21917808 1712:0.10958904 1713:0.20547946 1714:0.23287672 1715:0.21917808 1716:0.30136988 1717:0.16438356 1718:0.09589041 1719:0.08219178 1720:0.04109589 1721:0.04109589 1722:0.01369863 1723:0.04109589 1724:0.01369863 1725:0.04109589 1726:0.01369863 1939:1.00000000 1998:1.00000000 2080:1.00000000 2111:1.00000000 2267:1.00000000 2310:1.00000000 2861:1.00000000 3004:0.06250000 3006:0.03125000 3016:0.06250000 3036:0.15625000 3053:0.06250000 3060:0.03125000 3063:0.03125000 3068:0.03125000 3226:0.09375000 3275:0.06250000 3434:0.03125000 3476:0.03125000 3559:0.09375000 3905:0.06250000 3908:0.03125000 4159:0.03125000 4381:0.03125000 4713:0.06250000 ] (/home/p4/Core/SIE/Int/SIE-1.0-INT/SIE/src/tmsie/tmsie_core_engine.cpp:151)
2017-09-26 16:40:34,857 [-2038831296/-2038831296] DEBUG - [SIE][CoreEngine][HeuScan] Decision=[suspicious], Score=[0.0998612] (/home/p4/Core/SIE/Int/SIE-1.0-INT/SIE/src/tmsie/tmsie_core_engine.cpp:165)
2017-09-26 16:40:34,857 [-2038831296/-2038831296] TRACE - [SIE][Feedback] cannot get registered feedback callbabck (/home/p4/Core/SIE/Int/SIE-1.0-INT/SIE/src/tmsie/feedback_manager/feedback_wrapper.cpp:101)
2017-09-26 16:40:34,857 [-2038831296/-2038831296] ERROR - [SIE][Feedback] feedback engine not ready (/home/p4/Core/SIE/Int/SIE-1.0-INT/SIE/src/tmsie/feedback_manager/feedback_wrapper.cpp:81)
2017-09-26 16:40:34,857 [-2038831296/-2038831296]  INFO - [SIE][TMSIE_Scan] failed to feedback (/home/p4/Core/SIE/Int/SIE-1.0-INT/SIE/src/tmsie/tmsie.cpp:339)
2017-09-26 16:40:34,857 [-2038831296/-2038831296] DEBUG - [SIE][TMSIE_Scan][1] Scan Finish, Decision=[suspicious], Rules=[sie.heurisic.suspicious] (/home/p4/Core/SIE/Int/SIE-1.0-INT/SIE/src/tmsie/tmsie.cpp:348)
2017-09-26 16:40:34,857 [-2038831296/-2038831296] DEBUG - [SIE][TMSIE_GetScanResult] matched rules length=[23] (/home/p4/Core/SIE/Int/SIE-1.0-INT/SIE/src/tmsie/tmsie.cpp:387)
2017-09-26 16:40:34,857 [-2038831296/-2038831296] DEBUG - [SIE][TMSIE_GetScanResult]url chain= (/home/p4/Core/SIE/Int/SIE-1.0-INT/SIE/src/tmsie/tmsie.cpp:427)
2017-09-26 16:40:34,857 [-2038831296/-2038831296] TRACE - [SIE][ScanContext] Free, ID=[1], count=[1], TotalSize=[1] (/home/p4/Core/SIE/Int/SIE-1.0-INT/SIE/src/tmsie/tmsie_scan_context_manager.cpp:56)
2017-09-26 16:40:34,862 [-2038831296/-2038831296] DEBUG - [SIE][ScanResultCache] clear all scan result cache (/home/p4/Core/SIE/Int/SIE-1.0-INT/SIE/src/tmsie/tmsie_scan_result_cache.cpp:74)
