2017-09-26 04:13:28,738 [1438881600/1438881600] DEBUG - [SIE]Set log level = 0 (/home/p4/Core/SIE/Int/SIE-1.0-INT/SIE/src/tmsie/tmsie_option_helper.cpp:64)
2017-09-26 04:13:28,738 [1438881600/1438881600]  INFO - [SIE][Env] TMSIE Logger Already Inited. (/home/p4/Core/SIE/Int/SIE-1.0-INT/SIE/src/tmsie/tmsie_enviroment.cpp:134)
2017-09-26 04:13:28,739 [1438881600/1438881600] DEBUG - [SIE][Env] Pattern Path is Not NULL, Use User's Pattern Path (/home/p4/Core/SIE/Int/SIE-1.0-INT/SIE/src/tmsie/tmsie_enviroment.cpp:49)
2017-09-26 04:13:28,739 [1438881600/1438881600]  INFO - [SIE][Env] CallerModule = [ddwi] (/home/p4/Core/SIE/Int/SIE-1.0-INT/SIE/src/tmsie/tmsie_enviroment.cpp:58)
2017-09-26 04:13:28,739 [1438881600/1438881600]  INFO - [SIE][Env], PatternPath=[/home/GT/automation/auto/md_auto_tools/src/tm_pysie/build/jsvbs/tmsie.ptn], IsDebugMode=[0] (/home/p4/Core/SIE/Int/SIE-1.0-INT/SIE/src/tmsie/tmsie_enviroment.cpp:65)
2017-09-26 04:13:29,098 [1438881600/1438881600] DEBUG - [SIE][Pattern] Parsing Pattern Name=[pattern\profiles\ddi.profile] (/home/p4/Core/SIE/Int/SIE-1.0-INT/SIE/src/tmsie/pattern_manager/tmsie_pattern_unpacker.cpp:83)
2017-09-26 04:13:29,098 [1438881600/1438881600] DEBUG - [SIE][Pattern] Parsing Pattern Name=[pattern\profiles\ddwi.profile] (/home/p4/Core/SIE/Int/SIE-1.0-INT/SIE/src/tmsie/pattern_manager/tmsie_pattern_unpacker.cpp:83)
2017-09-26 04:13:29,098 [1438881600/1438881600] DEBUG - [SIE][Pattern] Parsing Pattern Name=[pattern\profiles\default.profile] (/home/p4/Core/SIE/Int/SIE-1.0-INT/SIE/src/tmsie/pattern_manager/tmsie_pattern_unpacker.cpp:83)
2017-09-26 04:13:29,098 [1438881600/1438881600] DEBUG - [SIE][Pattern] Parsing Pattern Name=[pattern\tmsie.cfg] (/home/p4/Core/SIE/Int/SIE-1.0-INT/SIE/src/tmsie/pattern_manager/tmsie_pattern_unpacker.cpp:83)
2017-09-26 04:13:29,098 [1438881600/1438881600] DEBUG - [SIE][Pattern] Parsing Pattern Name=[pattern\yara\sie.yar] (/home/p4/Core/SIE/Int/SIE-1.0-INT/SIE/src/tmsie/pattern_manager/tmsie_pattern_unpacker.cpp:83)
2017-09-26 04:13:29,098 [1438881600/1438881600] DEBUG - [SIE][Pattern] Parsing Pattern Name=[pattern\heu\xgb.model] (/home/p4/Core/SIE/Int/SIE-1.0-INT/SIE/src/tmsie/pattern_manager/tmsie_pattern_unpacker.cpp:83)
2017-09-26 04:13:29,098 [1438881600/1438881600] DEBUG - [SIE][Pattern] Parsing Pattern Name=[pattern\heu\svm.cfg] (/home/p4/Core/SIE/Int/SIE-1.0-INT/SIE/src/tmsie/pattern_manager/tmsie_pattern_unpacker.cpp:83)
2017-09-26 04:13:29,098 [1438881600/1438881600] DEBUG - [SIE][Pattern] Parsing Pattern Name=[pattern\heu\sie.model] (/home/p4/Core/SIE/Int/SIE-1.0-INT/SIE/src/tmsie/pattern_manager/tmsie_pattern_unpacker.cpp:83)
2017-09-26 04:13:29,098 [1438881600/1438881600] DEBUG - [SIE][Pattern] Parsing Pattern Name=[pattern\heu\feature\feature.cfg] (/home/p4/Core/SIE/Int/SIE-1.0-INT/SIE/src/tmsie/pattern_manager/tmsie_pattern_unpacker.cpp:83)
2017-09-26 04:13:29,098 [1438881600/1438881600] DEBUG - [SIE][Pattern] Parsing Pattern Name=[pattern\heu\feature\html.yar1] (/home/p4/Core/SIE/Int/SIE-1.0-INT/SIE/src/tmsie/pattern_manager/tmsie_pattern_unpacker.cpp:83)
2017-09-26 04:13:29,098 [1438881600/1438881600] DEBUG - [SIE][Pattern] Parsing Pattern Name=[pattern\heu\feature\vbscript.yar] (/home/p4/Core/SIE/Int/SIE-1.0-INT/SIE/src/tmsie/pattern_manager/tmsie_pattern_unpacker.cpp:83)
2017-09-26 04:13:29,098 [1438881600/1438881600] DEBUG - [SIE][Pattern] Parsing Pattern Name=[pattern\heu\feature\javascript.yar] (/home/p4/Core/SIE/Int/SIE-1.0-INT/SIE/src/tmsie/pattern_manager/tmsie_pattern_unpacker.cpp:83)
2017-09-26 04:13:29,098 [1438881600/1438881600] DEBUG - [SIE][Pattern] Parsing Pattern Name=[pattern\heu\feature\html.yar] (/home/p4/Core/SIE/Int/SIE-1.0-INT/SIE/src/tmsie/pattern_manager/tmsie_pattern_unpacker.cpp:83)
2017-09-26 04:13:29,098 [1438881600/1438881600] DEBUG - [SIE][Pattern] Parsing Pattern Name=[pattern\rank_db\c.db] (/home/p4/Core/SIE/Int/SIE-1.0-INT/SIE/src/tmsie/pattern_manager/tmsie_pattern_unpacker.cpp:83)
2017-09-26 04:13:29,098 [1438881600/1438881600] DEBUG - [SIE][Pattern] Parsing Pattern Name=[pattern\rank_db\d.db] (/home/p4/Core/SIE/Int/SIE-1.0-INT/SIE/src/tmsie/pattern_manager/tmsie_pattern_unpacker.cpp:83)
2017-09-26 04:13:29,098 [1438881600/1438881600] DEBUG - [SIE][Pattern] Parsing Pattern Name=[pattern\rank_db\a.db] (/home/p4/Core/SIE/Int/SIE-1.0-INT/SIE/src/tmsie/pattern_manager/tmsie_pattern_unpacker.cpp:83)
2017-09-26 04:13:29,098 [1438881600/1438881600] DEBUG - [SIE][Pattern] Parsing Pattern Name=[pattern\rank_db\b.db] (/home/p4/Core/SIE/Int/SIE-1.0-INT/SIE/src/tmsie/pattern_manager/tmsie_pattern_unpacker.cpp:83)
2017-09-26 04:13:29,114 [1438881600/1438881600] DEBUG - [SIE][Config] KEY=[tmsie.config.version], Value=[1.0.1001 (/home/p4/Core/SIE/Int/SIE-1.0-INT/SIE/src/tmsie/pattern_manager/tmsie_config_manager.cpp:85)
2017-09-26 04:13:29,114 [1438881600/1438881600] DEBUG - [SIE][Config] KEY=[tmsie.config.pattern_file], Value=[tmsie.ptn (/home/p4/Core/SIE/Int/SIE-1.0-INT/SIE/src/tmsie/pattern_manager/tmsie_config_manager.cpp:85)
2017-09-26 04:13:29,114 [1438881600/1438881600] DEBUG - [SIE][Config] KEY=[tmsie.config.pattern_debug], Value=[0 (/home/p4/Core/SIE/Int/SIE-1.0-INT/SIE/src/tmsie/pattern_manager/tmsie_config_manager.cpp:85)
2017-09-26 04:13:29,114 [1438881600/1438881600] DEBUG - [SIE][Config] KEY=[tmsie.config.log_level], Value=[off (/home/p4/Core/SIE/Int/SIE-1.0-INT/SIE/src/tmsie/pattern_manager/tmsie_config_manager.cpp:85)
2017-09-26 04:13:29,114 [1438881600/1438881600] DEBUG - [SIE][Config] KEY=[tmsie.filter.min_size], Value=[10 (/home/p4/Core/SIE/Int/SIE-1.0-INT/SIE/src/tmsie/pattern_manager/tmsie_config_manager.cpp:85)
2017-09-26 04:13:29,114 [1438881600/1438881600] DEBUG - [SIE][Config] KEY=[tmsie.filter.max_size], Value=[3145728 (/home/p4/Core/SIE/Int/SIE-1.0-INT/SIE/src/tmsie/pattern_manager/tmsie_config_manager.cpp:85)
2017-09-26 04:13:29,114 [1438881600/1438881600] DEBUG - [SIE][Config] KEY=[tmsie.cache.enable], Value=[0 (/home/p4/Core/SIE/Int/SIE-1.0-INT/SIE/src/tmsie/pattern_manager/tmsie_config_manager.cpp:85)
2017-09-26 04:13:29,114 [1438881600/1438881600] DEBUG - [SIE][Config] KEY=[tmsie.cache.count], Value=[10000 (/home/p4/Core/SIE/Int/SIE-1.0-INT/SIE/src/tmsie/pattern_manager/tmsie_config_manager.cpp:85)
2017-09-26 04:13:29,114 [1438881600/1438881600] DEBUG - [SIE][Config] KEY=[tmsie.cache.lifetime], Value=[3600 (/home/p4/Core/SIE/Int/SIE-1.0-INT/SIE/src/tmsie/pattern_manager/tmsie_config_manager.cpp:85)
2017-09-26 04:13:29,114 [1438881600/1438881600] DEBUG - [SIE][Config] KEY=[tmsie.yara_engine.enable], Value=[0 (/home/p4/Core/SIE/Int/SIE-1.0-INT/SIE/src/tmsie/pattern_manager/tmsie_config_manager.cpp:85)
2017-09-26 04:13:29,114 [1438881600/1438881600] DEBUG - [SIE][Config] KEY=[tmsie.yara_engine.pattern_prefix], Value=[pattern/yara (/home/p4/Core/SIE/Int/SIE-1.0-INT/SIE/src/tmsie/pattern_manager/tmsie_config_manager.cpp:85)
2017-09-26 04:13:29,114 [1438881600/1438881600] DEBUG - [SIE][Config] KEY=[tmsie.yara_engine.pattern_rule], Value=[sie.yar (/home/p4/Core/SIE/Int/SIE-1.0-INT/SIE/src/tmsie/pattern_manager/tmsie_config_manager.cpp:85)
2017-09-26 04:13:29,114 [1438881600/1438881600] DEBUG - [SIE][Config] KEY=[tmsie.yara_engine.confidence_level], Value=[medium (/home/p4/Core/SIE/Int/SIE-1.0-INT/SIE/src/tmsie/pattern_manager/tmsie_config_manager.cpp:85)
2017-09-26 04:13:29,114 [1438881600/1438881600] DEBUG - [SIE][Config] KEY=[tmsie.heu_engine.enable], Value=[1 (/home/p4/Core/SIE/Int/SIE-1.0-INT/SIE/src/tmsie/pattern_manager/tmsie_config_manager.cpp:85)
2017-09-26 04:13:29,114 [1438881600/1438881600] DEBUG - [SIE][Config] KEY=[tmsie.heu_engine.pattern_prefix], Value=[pattern/heu (/home/p4/Core/SIE/Int/SIE-1.0-INT/SIE/src/tmsie/pattern_manager/tmsie_config_manager.cpp:85)
2017-09-26 04:13:29,114 [1438881600/1438881600] DEBUG - [SIE][Config] KEY=[tmsie.heu_engine.pattern_cfg], Value=[svm.cfg (/home/p4/Core/SIE/Int/SIE-1.0-INT/SIE/src/tmsie/pattern_manager/tmsie_config_manager.cpp:85)
2017-09-26 04:13:29,114 [1438881600/1438881600] DEBUG - [SIE][Config] KEY=[tmsie.heu_engine.model_type], Value=[3 (/home/p4/Core/SIE/Int/SIE-1.0-INT/SIE/src/tmsie/pattern_manager/tmsie_config_manager.cpp:85)
2017-09-26 04:13:29,114 [1438881600/1438881600] DEBUG - [SIE][Config] KEY=[tmsie.heu_engine.pattern_model], Value=[xgb.model (/home/p4/Core/SIE/Int/SIE-1.0-INT/SIE/src/tmsie/pattern_manager/tmsie_config_manager.cpp:85)
2017-09-26 04:13:29,114 [1438881600/1438881600] DEBUG - [SIE][Config] KEY=[tmsie.heu_engine.is_output_score], Value=[0 (/home/p4/Core/SIE/Int/SIE-1.0-INT/SIE/src/tmsie/pattern_manager/tmsie_config_manager.cpp:85)
2017-09-26 04:13:29,114 [1438881600/1438881600] DEBUG - [SIE][Config] KEY=[tmsie.heu_engine.feature_pattern_prefix], Value=[pattern/heu/feature (/home/p4/Core/SIE/Int/SIE-1.0-INT/SIE/src/tmsie/pattern_manager/tmsie_config_manager.cpp:85)
2017-09-26 04:13:29,114 [1438881600/1438881600] DEBUG - [SIE][Config] KEY=[tmsie.heu_engine.feature_cfg], Value=[feature.cfg (/home/p4/Core/SIE/Int/SIE-1.0-INT/SIE/src/tmsie/pattern_manager/tmsie_config_manager.cpp:85)
2017-09-26 04:13:29,114 [1438881600/1438881600] DEBUG - [SIE][Config] KEY=[tmsie.heu_engine.js_feature_rule], Value=[javascript.yar (/home/p4/Core/SIE/Int/SIE-1.0-INT/SIE/src/tmsie/pattern_manager/tmsie_config_manager.cpp:85)
2017-09-26 04:13:29,114 [1438881600/1438881600] DEBUG - [SIE][Config] KEY=[tmsie.heu_engine.vbs_feature_rule], Value=[vbscript.yar (/home/p4/Core/SIE/Int/SIE-1.0-INT/SIE/src/tmsie/pattern_manager/tmsie_config_manager.cpp:85)
2017-09-26 04:13:29,114 [1438881600/1438881600] DEBUG - [SIE][Config] KEY=[tmsie.heu_engine.html_feature_rule], Value=[html.yar (/home/p4/Core/SIE/Int/SIE-1.0-INT/SIE/src/tmsie/pattern_manager/tmsie_config_manager.cpp:85)
2017-09-26 04:13:29,114 [1438881600/1438881600] DEBUG - [SIE][Config] KEY=[tmsie.alexa_rank.enable], Value=[1 (/home/p4/Core/SIE/Int/SIE-1.0-INT/SIE/src/tmsie/pattern_manager/tmsie_config_manager.cpp:85)
2017-09-26 04:13:29,114 [1438881600/1438881600] DEBUG - [SIE][Config] KEY=[tmsie.alexa_rank.pattern_prefix], Value=[pattern/rank_db (/home/p4/Core/SIE/Int/SIE-1.0-INT/SIE/src/tmsie/pattern_manager/tmsie_config_manager.cpp:85)
2017-09-26 04:13:29,114 [1438881600/1438881600] DEBUG - [SIE][Config] KEY=[tmsie.alexa_rank.Top100], Value=[a.db (/home/p4/Core/SIE/Int/SIE-1.0-INT/SIE/src/tmsie/pattern_manager/tmsie_config_manager.cpp:85)
2017-09-26 04:13:29,114 [1438881600/1438881600] DEBUG - [SIE][Config] KEY=[tmsie.alexa_rank.Top1k], Value=[b.db (/home/p4/Core/SIE/Int/SIE-1.0-INT/SIE/src/tmsie/pattern_manager/tmsie_config_manager.cpp:85)
2017-09-26 04:13:29,114 [1438881600/1438881600] DEBUG - [SIE][Config] KEY=[tmsie.alexa_rank.Top10k], Value=[c.db (/home/p4/Core/SIE/Int/SIE-1.0-INT/SIE/src/tmsie/pattern_manager/tmsie_config_manager.cpp:85)
2017-09-26 04:13:29,114 [1438881600/1438881600] DEBUG - [SIE][Config] KEY=[tmsie.alexa_rank.Top100k], Value=[d.db (/home/p4/Core/SIE/Int/SIE-1.0-INT/SIE/src/tmsie/pattern_manager/tmsie_config_manager.cpp:85)
2017-09-26 04:13:29,115 [1438881600/1438881600] DEBUG - [SIE][Config] KEY=[tmsie.feedback.enable], Value=[1 (/home/p4/Core/SIE/Int/SIE-1.0-INT/SIE/src/tmsie/pattern_manager/tmsie_config_manager.cpp:85)
2017-09-26 04:13:29,115 [1438881600/1438881600] DEBUG - [SIE][Config] KEY=[tmsie.feedback.max_blob_size], Value=[51200 (/home/p4/Core/SIE/Int/SIE-1.0-INT/SIE/src/tmsie/pattern_manager/tmsie_config_manager.cpp:85)
2017-09-26 04:13:29,115 [1438881600/1438881600] DEBUG - [SIE][Config] KEY=[tmsie.feedback.dump_feedback_to_local], Value=[0 (/home/p4/Core/SIE/Int/SIE-1.0-INT/SIE/src/tmsie/pattern_manager/tmsie_config_manager.cpp:85)
2017-09-26 04:13:29,115 [1438881600/1438881600] DEBUG - [SIE][Config] KEY=[tmsie.urlchain.enable], Value=[1 (/home/p4/Core/SIE/Int/SIE-1.0-INT/SIE/src/tmsie/pattern_manager/tmsie_config_manager.cpp:85)
2017-09-26 04:13:29,115 [1438881600/1438881600] DEBUG - [SIE][Config] KEY=[tmsie.urlchain.is_debug], Value=[0 (/home/p4/Core/SIE/Int/SIE-1.0-INT/SIE/src/tmsie/pattern_manager/tmsie_config_manager.cpp:85)
2017-09-26 04:13:29,115 [1438881600/1438881600] DEBUG - [SIE][Config] KEY=[tmsie.urlchain.max_reference_url], Value=[5 (/home/p4/Core/SIE/Int/SIE-1.0-INT/SIE/src/tmsie/pattern_manager/tmsie_config_manager.cpp:85)
2017-09-26 04:13:29,115 [1438881600/1438881600] DEBUG - [SIE][Config] KEY=[tmsie.urlchain.validity_period], Value=[10 (/home/p4/Core/SIE/Int/SIE-1.0-INT/SIE/src/tmsie/pattern_manager/tmsie_config_manager.cpp:85)
2017-09-26 04:13:29,115 [1438881600/1438881600] DEBUG - [SIE][Config] KEY=[tmsie.urlchain.depth_degree], Value=[3 (/home/p4/Core/SIE/Int/SIE-1.0-INT/SIE/src/tmsie/pattern_manager/tmsie_config_manager.cpp:85)
2017-09-26 04:13:29,115 [1438881600/1438881600] DEBUG - [SIE][Config] KEY=[tmsie.urlchain.db_path], Value=[./ (/home/p4/Core/SIE/Int/SIE-1.0-INT/SIE/src/tmsie/pattern_manager/tmsie_config_manager.cpp:85)
2017-09-26 04:13:29,115 [1438881600/1438881600]  INFO - [SIE][Env] Pattern Ready. (/home/p4/Core/SIE/Int/SIE-1.0-INT/SIE/src/tmsie/tmsie_enviroment.cpp:76)
2017-09-26 04:13:29,115 [1438881600/1438881600]  INFO - [SIE][Env] TMSIE Config Ready. (/home/p4/Core/SIE/Int/SIE-1.0-INT/SIE/src/tmsie/tmsie_enviroment.cpp:81)
2017-09-26 04:13:29,115 [1438881600/1438881600] TRACE - [SIE][BWList] Add to Local White List, URL=[http://www.whitelisttest.com/*] (/home/p4/Core/SIE/Int/SIE-1.0-INT/SIE/src/tmsie/white_list/bw_list_manager.cpp:196)
2017-09-26 04:13:29,115 [1438881600/1438881600] TRACE - [SIE][BWList] Add to Local Black List, URL=[http://www.blacklisttest.com/] (/home/p4/Core/SIE/Int/SIE-1.0-INT/SIE/src/tmsie/white_list/bw_list_manager.cpp:210)
2017-09-26 04:13:29,115 [1438881600/1438881600]  INFO - [SIE][AlexaDB] Get DB Name=[a.db], Length=[408] (/home/p4/Core/SIE/Int/SIE-1.0-INT/SIE/src/tmsie/pattern_manager/tmsie_config_helper.cpp:141)
2017-09-26 04:13:29,115 [1438881600/1438881600]  INFO - [SIE][AlexaDB]Load AlexaDB succ (/home/p4/Core/SIE/Int/SIE-1.0-INT/SIE/src/tmsie/pattern_manager/tmsie_config_helper.cpp:146)
2017-09-26 04:13:29,115 [1438881600/1438881600]  INFO - [SIE][AlexaDB] Get DB Name=[b.db], Length=[4008] (/home/p4/Core/SIE/Int/SIE-1.0-INT/SIE/src/tmsie/pattern_manager/tmsie_config_helper.cpp:141)
2017-09-26 04:13:29,115 [1438881600/1438881600]  INFO - [SIE][AlexaDB]Load AlexaDB succ (/home/p4/Core/SIE/Int/SIE-1.0-INT/SIE/src/tmsie/pattern_manager/tmsie_config_helper.cpp:146)
2017-09-26 04:13:29,115 [1438881600/1438881600]  INFO - [SIE][AlexaDB] Get DB Name=[c.db], Length=[40008] (/home/p4/Core/SIE/Int/SIE-1.0-INT/SIE/src/tmsie/pattern_manager/tmsie_config_helper.cpp:141)
2017-09-26 04:13:29,115 [1438881600/1438881600]  INFO - [SIE][AlexaDB]Load AlexaDB succ (/home/p4/Core/SIE/Int/SIE-1.0-INT/SIE/src/tmsie/pattern_manager/tmsie_config_helper.cpp:146)
2017-09-26 04:13:29,116 [1438881600/1438881600]  INFO - [SIE][AlexaDB] Get DB Name=[d.db], Length=[312669] (/home/p4/Core/SIE/Int/SIE-1.0-INT/SIE/src/tmsie/pattern_manager/tmsie_config_helper.cpp:141)
2017-09-26 04:13:29,116 [1438881600/1438881600]  INFO - [SIE][AlexaDB]Load AlexaDB succ (/home/p4/Core/SIE/Int/SIE-1.0-INT/SIE/src/tmsie/pattern_manager/tmsie_config_helper.cpp:146)
2017-09-26 04:13:29,116 [1438881600/1438881600]  INFO - [SIE][CoreEngine][Init] get AlexDB data succ (/home/p4/Core/SIE/Int/SIE-1.0-INT/SIE/src/tmsie/tmsie_enviroment.cpp:94)
2017-09-26 04:13:29,116 [1438881600/1438881600] TRACE - [SIE]Log level has been set (/home/p4/Core/SIE/Int/SIE-1.0-INT/SIE/src/tmsie/tmsie_enviroment.cpp:104)
2017-09-26 04:13:29,116 [1438881600/1438881600] TRACE - [SIE]Set SIE log level to 0 (/home/p4/Core/SIE/Int/SIE-1.0-INT/SIE/src/tmsie/tmsie_enviroment.cpp:107)
2017-09-26 04:13:29,116 [1438881600/1438881600]  INFO - [SIE][Scanner] Initialize (/home/p4/Core/SIE/Int/SIE-1.0-INT/SIE/src/tmsie/tmsie_scanner.cpp:24)
2017-09-26 04:13:29,117 [1438881600/1438881600] DEBUG - [SIE][CoreEngine] InitializeCoreEngine (/home/p4/Core/SIE/Int/SIE-1.0-INT/SIE/src/tmsie/tmsie_core_engine.cpp:31)
2017-09-26 04:13:29,133 [1438881600/1438881600] DEBUG - [SIE][CoreEngine] Load DLL Success, DLL Name=[libtmsiecore.so] (/home/p4/Core/SIE/Int/SIE-1.0-INT/SIE/src/tmsie/tmsie_core_engine.cpp:38)
2017-09-26 04:13:29,133 [1438881600/1438881600] DEBUG - [SIE][CoreEngine] logger_manager value=[0x16b1580] (/home/p4/Core/SIE/Int/SIE-1.0-INT/SIE/src/tmsie/tmsie_core_engine.cpp:52)
2017-09-26 04:13:29,133 [1438881600/1438881600]  INFO - [SIE][Core] Success Set Logger Point, Value=[0x16b1580] (/home/p4/Core/SIE/Int/SIE-1.0-INT/SIE/src/tmsiecore/tmsiecore.cpp:174)
2017-09-26 04:13:29,284 [1438881600/1438881600] DEBUG - [SIE][CoreEngine] YaraEnable=[0], HeuEnable=[1] (/home/p4/Core/SIE/Int/SIE-1.0-INT/SIE/src/tmsie/tmsie_core_engine.cpp:65)
2017-09-26 04:13:29,284 [1438881600/1438881600] TRACE - [SIE]TMSIECORE_Initialize (/home/p4/Core/SIE/Int/SIE-1.0-INT/SIE/src/tmsiecore/tmsiecore.cpp:36)
2017-09-26 04:13:33,250 [1438881600/1438881600]  INFO - [SIE][XGBoostPredicter] success to load xgboost model! (/home/p4/Core/SIE/Int/SIE-1.0-INT/SIE/src/tmsiecore/heu_analyzer/xgboost/xgboost_predict.cpp:37)
2017-09-26 04:13:33,250 [1438881600/1438881600] TRACE - [SIE][TMSIECORE]init heu analyzer xgboost success (/home/p4/Core/SIE/Int/SIE-1.0-INT/SIE/src/tmsiecore/tmsiecore.cpp:108)
2017-09-26 04:13:33,250 [1438881600/1438881600]  INFO - [SIE][Scanner] Core Engine Init Succ (/home/p4/Core/SIE/Int/SIE-1.0-INT/SIE/src/tmsie/tmsie_scanner.cpp:42)
2017-09-26 04:13:33,257 [1438881600/1438881600]  INFO - [SIE][Scanner] Initialize Succ (/home/p4/Core/SIE/Int/SIE-1.0-INT/SIE/src/tmsie/tmsie_scanner.cpp:60)
2017-09-26 04:13:33,257 [1438881600/1438881600]  INFO - [SIE][Env] Scanner Init Succ (/home/p4/Core/SIE/Int/SIE-1.0-INT/SIE/src/tmsie/tmsie_enviroment.cpp:120)
2017-09-26 04:13:33,257 [1438881600/1438881600]  INFO - [SIE][Env] Environement Init Succ (/home/p4/Core/SIE/Int/SIE-1.0-INT/SIE/src/tmsie/tmsie_enviroment.cpp:121)
2017-09-26 04:13:33,257 [1438881600/1438881600]  INFO - [SIE][TMSIE_Initialize] init success (/home/p4/Core/SIE/Int/SIE-1.0-INT/SIE/src/tmsie/tmsie.cpp:29)
2017-09-26 04:13:33,257 [1438881600/1438881600] DEBUG - [SIE][TMSIE_GetOption] Get log path, length=[292] (/home/p4/Core/SIE/Int/SIE-1.0-INT/SIE/src/tmsie/tmsie.cpp:104)
2017-09-26 04:13:33,259 [1438881600/1438881600] DEBUG - [SIE][TMSIE_AddContent] [1] ContentType=[Request_Client_IP], ContentLength=[9] (/home/p4/Core/SIE/Int/SIE-1.0-INT/SIE/src/tmsie/tmsie.cpp:220)
2017-09-26 04:13:33,259 [1438881600/1438881600] DEBUG - [SIE][TMSIE_AddContent] [1] ContentType=[Request_Server_IP], ContentLength=[9] (/home/p4/Core/SIE/Int/SIE-1.0-INT/SIE/src/tmsie/tmsie.cpp:220)
2017-09-26 04:13:33,259 [1438881600/1438881600] DEBUG - [SIE][TMSIE_AddContent] [1] ContentType=[Request_URL], ContentLength=[34] (/home/p4/Core/SIE/Int/SIE-1.0-INT/SIE/src/tmsie/tmsie.cpp:220)
2017-09-26 04:13:33,260 [1438881600/1438881600] DEBUG - [SIE][TMSIE_AddContent] [1] ContentType=[Request_Header], ContentLength=[199] (/home/p4/Core/SIE/Int/SIE-1.0-INT/SIE/src/tmsie/tmsie.cpp:220)
2017-09-26 04:13:33,260 [1438881600/1438881600] DEBUG - [SIE][TMSIE_AddContent] [1] ContentType=[Request_Body], ContentLength=[0] (/home/p4/Core/SIE/Int/SIE-1.0-INT/SIE/src/tmsie/tmsie.cpp:220)
2017-09-26 04:13:33,260 [1438881600/1438881600] DEBUG - [SIE][TMSIE_AddContent] [1] ContentType=[Response_Header], ContentLength=[37] (/home/p4/Core/SIE/Int/SIE-1.0-INT/SIE/src/tmsie/tmsie.cpp:220)
2017-09-26 04:13:33,261 [1438881600/1438881600] DEBUG - [SIE][TMSIE_AddContent] [1] ContentType=[Response_Body], ContentLength=[2329] (/home/p4/Core/SIE/Int/SIE-1.0-INT/SIE/src/tmsie/tmsie.cpp:220)
2017-09-26 04:13:33,261 [1438881600/1438881600] DEBUG - [SIE][ScanContext][1] collect all response body, total body length=[2329] (/home/p4/Core/SIE/Int/SIE-1.0-INT/SIE/src/tmsie/tmsie_scan_context.cpp:181)
2017-09-26 04:13:33,261 [1438881600/1438881600] DEBUG - [SIE][ScanContext][1] FileType=[0] Encoding= [UTF-8] (/home/p4/Core/SIE/Int/SIE-1.0-INT/SIE/src/tmsie/tmsie_scan_context.cpp:197)
2017-09-26 04:13:33,261 [1438881600/1438881600] DEBUG - [SIE][TMSIE_Scan][1] Filterd, Reason=[unsupported file type] (/home/p4/Core/SIE/Int/SIE-1.0-INT/SIE/src/tmsie/tmsie.cpp:308)
2017-09-26 04:13:33,261 [1438881600/1438881600] TRACE - [SIE][ScanContext] Free, ID=[1], count=[1], TotalSize=[1] (/home/p4/Core/SIE/Int/SIE-1.0-INT/SIE/src/tmsie/tmsie_scan_context_manager.cpp:56)
2017-09-26 04:13:33,261 [1438881600/1438881600] DEBUG - [SIE][TMSIE_FreeContext] no scan result, context_id=[1] (/home/p4/Core/SIE/Int/SIE-1.0-INT/SIE/src/tmsie/tmsie.cpp:191)
2017-09-26 04:13:33,262 [1438881600/1438881600] DEBUG - [SIE][ScanResultCache] clear all scan result cache (/home/p4/Core/SIE/Int/SIE-1.0-INT/SIE/src/tmsie/tmsie_scan_result_cache.cpp:74)
